<?xml version="1.0" encoding="UTF-8"?>
<testsuite xmlns:xsi="http://www.w3.org/2001/XMLSchema-instance" xsi:noNamespaceSchemaLocation="https://maven.apache.org/surefire/maven-surefire-plugin/xsd/surefire-test-report.xsd" name="za.co.wethinkcode.lms.test.StudentTest" time="0.3" tests="1" errors="0" skipped="0" failures="1">
  <properties>
    <property name="sun.desktop" value="gnome"/>
    <property name="awt.toolkit" value="sun.awt.X11.XToolkit"/>
    <property name="java.specification.version" value="11"/>
    <property name="sun.cpu.isalist" value=""/>
    <property name="sun.jnu.encoding" value="UTF-8"/>
    <property name="java.class.path" value="/home/wtc/problems/submission-102-java-003-hangman/target/test-classes:/home/wtc/problems/submission-102-java-003-hangman/target/classes:/home/wtc/.m2/repository/org/junit/jupiter/junit-jupiter-engine/5.6.3/junit-jupiter-engine-5.6.3.jar:/home/wtc/.m2/repository/org/apiguardian/apiguardian-api/1.1.0/apiguardian-api-1.1.0.jar:/home/wtc/.m2/repository/org/junit/platform/junit-platform-engine/1.6.3/junit-platform-engine-1.6.3.jar:/home/wtc/.m2/repository/org/opentest4j/opentest4j/1.2.0/opentest4j-1.2.0.jar:/home/wtc/.m2/repository/org/junit/platform/junit-platform-commons/1.6.3/junit-platform-commons-1.6.3.jar:/home/wtc/.m2/repository/org/junit/jupiter/junit-jupiter-api/5.6.3/junit-jupiter-api-5.6.3.jar:/home/wtc/.m2/repository/org/junit/platform/junit-platform-launcher/1.6.3/junit-platform-launcher-1.6.3.jar:/home/wtc/.m2/repository/org/junit/jupiter/junit-jupiter-params/5.7.0/junit-jupiter-params-5.7.0.jar:/home/wtc/.m2/repository/org/mockito/mockito-junit-jupiter/3.6.28/mockito-junit-jupiter-3.6.28.jar:/home/wtc/.m2/repository/org/mockito/mockito-core/3.6.28/mockito-core-3.6.28.jar:/home/wtc/.m2/repository/net/bytebuddy/byte-buddy/1.10.18/byte-buddy-1.10.18.jar:/home/wtc/.m2/repository/net/bytebuddy/byte-buddy-agent/1.10.18/byte-buddy-agent-1.10.18.jar:/home/wtc/.m2/repository/org/objenesis/objenesis/3.1/objenesis-3.1.jar:"/>
    <property name="java.vm.vendor" value="Ubuntu"/>
    <property name="sun.arch.data.model" value="64"/>
    <property name="java.vendor.url" value="https://ubuntu.com/"/>
    <property name="user.timezone" value=""/>
    <property name="java.vm.specification.version" value="11"/>
    <property name="os.name" value="Linux"/>
    <property name="sun.java.launcher" value="SUN_STANDARD"/>
    <property name="user.country" value="US"/>
    <property name="sun.boot.library.path" value="/usr/lib/jvm/java-11-openjdk-amd64/lib"/>
    <property name="sun.java.command" value="/home/wtc/problems/submission-102-java-003-hangman/target/surefire/surefirebooter10828771269927420243.jar /home/wtc/problems/submission-102-java-003-hangman/target/surefire 2021-02-23T19-28-28_940-jvmRun1 surefire9922313287568639631tmp surefire_04404277763724617315tmp"/>
    <property name="jdk.debug" value="release"/>
    <property name="surefire.test.class.path" value="/home/wtc/problems/submission-102-java-003-hangman/target/test-classes:/home/wtc/problems/submission-102-java-003-hangman/target/classes:/home/wtc/.m2/repository/org/junit/jupiter/junit-jupiter-engine/5.6.3/junit-jupiter-engine-5.6.3.jar:/home/wtc/.m2/repository/org/apiguardian/apiguardian-api/1.1.0/apiguardian-api-1.1.0.jar:/home/wtc/.m2/repository/org/junit/platform/junit-platform-engine/1.6.3/junit-platform-engine-1.6.3.jar:/home/wtc/.m2/repository/org/opentest4j/opentest4j/1.2.0/opentest4j-1.2.0.jar:/home/wtc/.m2/repository/org/junit/platform/junit-platform-commons/1.6.3/junit-platform-commons-1.6.3.jar:/home/wtc/.m2/repository/org/junit/jupiter/junit-jupiter-api/5.6.3/junit-jupiter-api-5.6.3.jar:/home/wtc/.m2/repository/org/junit/platform/junit-platform-launcher/1.6.3/junit-platform-launcher-1.6.3.jar:/home/wtc/.m2/repository/org/junit/jupiter/junit-jupiter-params/5.7.0/junit-jupiter-params-5.7.0.jar:/home/wtc/.m2/repository/org/mockito/mockito-junit-jupiter/3.6.28/mockito-junit-jupiter-3.6.28.jar:/home/wtc/.m2/repository/org/mockito/mockito-core/3.6.28/mockito-core-3.6.28.jar:/home/wtc/.m2/repository/net/bytebuddy/byte-buddy/1.10.18/byte-buddy-1.10.18.jar:/home/wtc/.m2/repository/net/bytebuddy/byte-buddy-agent/1.10.18/byte-buddy-agent-1.10.18.jar:/home/wtc/.m2/repository/org/objenesis/objenesis/3.1/objenesis-3.1.jar:"/>
    <property name="sun.cpu.endian" value="little"/>
    <property name="user.home" value="/home/wtc"/>
    <property name="user.language" value="en"/>
    <property name="java.specification.vendor" value="Oracle Corporation"/>
    <property name="java.version.date" value="2020-11-04"/>
    <property name="java.home" value="/usr/lib/jvm/java-11-openjdk-amd64"/>
    <property name="file.separator" value="/"/>
    <property name="basedir" value="/home/wtc/problems/submission-102-java-003-hangman"/>
    <property name="java.vm.compressedOopsMode" value="32-bit"/>
    <property name="line.separator" value="&#10;"/>
    <property name="java.specification.name" value="Java Platform API Specification"/>
    <property name="java.vm.specification.vendor" value="Oracle Corporation"/>
    <property name="java.awt.graphicsenv" value="sun.awt.X11GraphicsEnvironment"/>
    <property name="surefire.real.class.path" value="/home/wtc/problems/submission-102-java-003-hangman/target/surefire/surefirebooter10828771269927420243.jar"/>
    <property name="sun.management.compiler" value="HotSpot 64-Bit Tiered Compilers"/>
    <property name="java.runtime.version" value="11.0.9.1+1-Ubuntu-0ubuntu1.20.04"/>
    <property name="user.name" value="wtc"/>
    <property name="path.separator" value=":"/>
    <property name="os.version" value="5.8.0-7630-generic"/>
    <property name="java.runtime.name" value="OpenJDK Runtime Environment"/>
    <property name="file.encoding" value="UTF-8"/>
    <property name="java.vm.name" value="OpenJDK 64-Bit Server VM"/>
    <property name="localRepository" value="/home/wtc/.m2/repository"/>
    <property name="java.vendor.url.bug" value="https://bugs.launchpad.net/ubuntu/+source/openjdk-lts"/>
    <property name="java.io.tmpdir" value="/tmp"/>
    <property name="java.version" value="11.0.9.1"/>
    <property name="user.dir" value="/home/wtc/problems/submission-102-java-003-hangman"/>
    <property name="os.arch" value="amd64"/>
    <property name="java.vm.specification.name" value="Java Virtual Machine Specification"/>
    <property name="java.awt.printerjob" value="sun.print.PSPrinterJob"/>
    <property name="sun.os.patch.level" value="unknown"/>
    <property name="java.library.path" value="/usr/java/packages/lib:/usr/lib/x86_64-linux-gnu/jni:/lib/x86_64-linux-gnu:/usr/lib/x86_64-linux-gnu:/usr/lib/jni:/lib:/usr/lib"/>
    <property name="java.vm.info" value="mixed mode, sharing"/>
    <property name="java.vendor" value="Ubuntu"/>
    <property name="java.vm.version" value="11.0.9.1+1-Ubuntu-0ubuntu1.20.04"/>
    <property name="sun.io.unicode.encoding" value="UnicodeLittle"/>
    <property name="java.class.version" value="55.0"/>
  </properties>
  <testcase name="studentTests" classname="za.co.wethinkcode.lms.test.StudentTest" time="0.27">
    <failure message="Expected 17 or more test cases. ==&gt; expected: &lt;true&gt; but was: &lt;false&gt;" type="org.opentest4j.AssertionFailedError"><![CDATA[org.opentest4j.AssertionFailedError: Expected 17 or more test cases. ==> expected: <true> but was: <false>
	at za.co.wethinkcode.lms.test.StudentTest.studentTests(StudentTest.java:31)
]]></failure>
    <system-out><![CDATA[
Test run finished after 47 ms
[         2 containers found      ]
[         0 containers skipped    ]
[         2 containers started    ]
[         0 containers aborted    ]
[         2 containers successful ]
[         0 containers failed     ]
[         2 tests found           ]
[         0 tests skipped         ]
[         2 tests started         ]
[         0 tests aborted         ]
[         0 tests successful      ]
[         2 tests failed          ]


Failures (2):
  JUnit Jupiter:HangmanTest:shouldWinTheGame()
    MethodSource [className = 'za.co.wethinkcode.examples.hangman.HangmanTest', methodName = 'shouldWinTheGame', methodParameterTypes = '']
    => org.opentest4j.AssertionFailedError: Not expecting an exception.
       org.junit.jupiter.api.AssertionUtils.fail(AssertionUtils.java:39)
       org.junit.jupiter.api.Assertions.fail(Assertions.java:109)
       za.co.wethinkcode.examples.hangman.HangmanTest.simulateGame(HangmanTest.java:24)
       za.co.wethinkcode.examples.hangman.HangmanTest.shouldWinTheGame(HangmanTest.java:38)
       java.base/jdk.internal.reflect.NativeMethodAccessorImpl.invoke0(Native Method)
       java.base/jdk.internal.reflect.NativeMethodAccessorImpl.invoke(NativeMethodAccessorImpl.java:62)
       java.base/jdk.internal.reflect.DelegatingMethodAccessorImpl.invoke(DelegatingMethodAccessorImpl.java:43)
       java.base/java.lang.reflect.Method.invoke(Method.java:566)
       org.junit.platform.commons.util.ReflectionUtils.invokeMethod(ReflectionUtils.java:686)
       org.junit.jupiter.engine.execution.MethodInvocation.proceed(MethodInvocation.java:60)
       [...]
  JUnit Jupiter:HangmanTest:shouldLoseTheGame()
    MethodSource [className = 'za.co.wethinkcode.examples.hangman.HangmanTest', methodName = 'shouldLoseTheGame', methodParameterTypes = '']
    => org.opentest4j.AssertionFailedError: Not expecting an exception.
       org.junit.jupiter.api.AssertionUtils.fail(AssertionUtils.java:39)
       org.junit.jupiter.api.Assertions.fail(Assertions.java:109)
       za.co.wethinkcode.examples.hangman.HangmanTest.simulateGame(HangmanTest.java:24)
       za.co.wethinkcode.examples.hangman.HangmanTest.shouldLoseTheGame(HangmanTest.java:47)
       java.base/jdk.internal.reflect.NativeMethodAccessorImpl.invoke0(Native Method)
       java.base/jdk.internal.reflect.NativeMethodAccessorImpl.invoke(NativeMethodAccessorImpl.java:62)
       java.base/jdk.internal.reflect.DelegatingMethodAccessorImpl.invoke(DelegatingMethodAccessorImpl.java:43)
       java.base/java.lang.reflect.Method.invoke(Method.java:566)
       org.junit.platform.commons.util.ReflectionUtils.invokeMethod(ReflectionUtils.java:686)
       org.junit.jupiter.engine.execution.MethodInvocation.proceed(MethodInvocation.java:60)
       [...]
]]></system-out>
  </testcase>
</testsuite>